<?xml version="1.0" encoding="UTF-8"?>
<testsuites tests="404" failures="60" errors="0" time="27.8">
  <testsuite name="W3C_SCXML_Interpreter" tests="202" failures="0" errors="0" time="22.26">
    <testcase classname="W3C_Interpreter" name="Test_144" time="0.002" type="interpreter" result="PASS" description="Test reached expected pass state"/>
    <testcase classname="W3C_Interpreter" name="Test_147" time="0.002" type="interpreter" result="PASS" description="Test reached expected pass state"/>
    <testcase classname="W3C_Interpreter" name="Test_148" time="0.002" type="interpreter" result="PASS" description="Test reached expected pass state"/>
    <testcase classname="W3C_Interpreter" name="Test_149" time="0.002" type="interpreter" result="PASS" description="Test reached expected pass state"/>
    <testcase classname="W3C_Interpreter" name="Test_150" time="0.006" type="interpreter" result="PASS" description="Test reached expected pass state"/>
    <testcase classname="W3C_Interpreter" name="Test_151" time="0.006" type="interpreter" result="PASS" description="Test reached expected pass state"/>
    <testcase classname="W3C_Interpreter" name="Test_152" time="0.003" type="interpreter" result="PASS" description="Test reached expected pass state"/>
    <testcase classname="W3C_Interpreter" name="Test_153" time="0.004" type="interpreter" result="PASS" description="Test reached expected pass state"/>
    <testcase classname="W3C_Interpreter" name="Test_155" time="0.004" type="interpreter" result="PASS" description="Test reached expected pass state"/>
    <testcase classname="W3C_Interpreter" name="Test_156" time="0.003" type="interpreter" result="PASS" description="Test reached expected pass state"/>
    <testcase classname="W3C_Interpreter" name="Test_158" time="0.003" type="interpreter" result="PASS" description="Test reached expected pass state"/>
    <testcase classname="W3C_Interpreter" name="Test_159" time="0.002" type="interpreter" result="PASS" description="Test reached expected pass state"/>
    <testcase classname="W3C_Interpreter" name="Test_172" time="0.003" type="interpreter" result="PASS" description="Test reached expected pass state"/>
    <testcase classname="W3C_Interpreter" name="Test_173" time="0.003" type="interpreter" result="PASS" description="Test reached expected pass state"/>
    <testcase classname="W3C_Interpreter" name="Test_174" time="0.003" type="interpreter" result="PASS" description="Test reached expected pass state"/>
    <testcase classname="W3C_Interpreter" name="Test_175" time="1.012" type="interpreter" result="PASS" description="Test reached expected pass state"/>
    <testcase classname="W3C_Interpreter" name="Test_176" time="0.004" type="interpreter" result="PASS" description="Test reached expected pass state"/>
    <testcase classname="W3C_Interpreter" name="Test_178" time="0" type="interpreter" result="PASS" description="Test skipped"/>
    <testcase classname="W3C_Interpreter" name="Test_179" time="0.002" type="interpreter" result="PASS" description="Test reached expected pass state"/>
    <testcase classname="W3C_Interpreter" name="Test_183" time="0.002" type="interpreter" result="PASS" description="Test reached expected pass state"/>
    <testcase classname="W3C_Interpreter" name="Test_185" time="1.012" type="interpreter" result="PASS" description="Test reached expected pass state"/>
    <testcase classname="W3C_Interpreter" name="Test_186" time="1.012" type="interpreter" result="PASS" description="Test reached expected pass state"/>
    <testcase classname="W3C_Interpreter" name="Test_187" time="1.004" type="interpreter" result="PASS" description="Test reached expected pass state"/>
    <testcase classname="W3C_Interpreter" name="Test_189" time="0.002" type="interpreter" result="PASS" description="Test reached expected pass state"/>
    <testcase classname="W3C_Interpreter" name="Test_190" time="0.003" type="interpreter" result="PASS" description="Test reached expected pass state"/>
    <testcase classname="W3C_Interpreter" name="Test_191" time="0.004" type="interpreter" result="PASS" description="Test reached expected pass state"/>
    <testcase classname="W3C_Interpreter" name="Test_192" time="0.006" type="interpreter" result="PASS" description="Test reached expected pass state"/>
    <testcase classname="W3C_Interpreter" name="Test_193" time="0.003" type="interpreter" result="PASS" description="Test reached expected pass state"/>
    <testcase classname="W3C_Interpreter" name="Test_194" time="0.002" type="interpreter" result="PASS" description="Test reached expected pass state"/>
    <testcase classname="W3C_Interpreter" name="Test_198" time="0.002" type="interpreter" result="PASS" description="Test reached expected pass state"/>
    <testcase classname="W3C_Interpreter" name="Test_199" time="0.002" type="interpreter" result="PASS" description="Test reached expected pass state"/>
    <testcase classname="W3C_Interpreter" name="Test_200" time="0.002" type="interpreter" result="PASS" description="Test reached expected pass state"/>
    <testcase classname="W3C_Interpreter" name="Test_201" time="0.003" type="interpreter" result="PASS" description="Test reached expected pass state"/>
    <testcase classname="W3C_Interpreter" name="Test_205" time="0.003" type="interpreter" result="PASS" description="Test reached expected pass state"/>
    <testcase classname="W3C_Interpreter" name="Test_207" time="1.008" type="interpreter" result="PASS" description="Test reached expected pass state"/>
    <testcase classname="W3C_Interpreter" name="Test_208" time="1.509" type="interpreter" result="PASS" description="Test reached expected pass state"/>
    <testcase classname="W3C_Interpreter" name="Test_210" time="1.51" type="interpreter" result="PASS" description="Test reached expected pass state"/>
    <testcase classname="W3C_Interpreter" name="Test_215" time="0.005" type="interpreter" result="PASS" description="Test reached expected pass state"/>
    <testcase classname="W3C_Interpreter" name="Test_216" time="0.004" type="interpreter" result="PASS" description="Test reached expected pass state"/>
    <testcase classname="W3C_Interpreter" name="Test_220" time="0.004" type="interpreter" result="PASS" description="Test reached expected pass state"/>
    <testcase classname="W3C_Interpreter" name="Test_223" time="0.004" type="interpreter" result="PASS" description="Test reached expected pass state"/>
    <testcase classname="W3C_Interpreter" name="Test_224" time="0.004" type="interpreter" result="PASS" description="Test reached expected pass state"/>
    <testcase classname="W3C_Interpreter" name="Test_225" time="0.007" type="interpreter" result="PASS" description="Test reached expected pass state"/>
    <testcase classname="W3C_Interpreter" name="Test_226" time="0.005" type="interpreter" result="PASS" description="Test reached expected pass state"/>
    <testcase classname="W3C_Interpreter" name="Test_228" time="0.005" type="interpreter" result="PASS" description="Test reached expected pass state"/>
    <testcase classname="W3C_Interpreter" name="Test_229" time="0.006" type="interpreter" result="PASS" description="Test reached expected pass state"/>
    <testcase classname="W3C_Interpreter" name="Test_230" time="0" type="interpreter" result="PASS" description="Test skipped"/>
    <testcase classname="W3C_Interpreter" name="Test_232" time="0.005" type="interpreter" result="PASS" description="Test reached expected pass state"/>
    <testcase classname="W3C_Interpreter" name="Test_233" time="0.005" type="interpreter" result="PASS" description="Test reached expected pass state"/>
    <testcase classname="W3C_Interpreter" name="Test_234" time="0.006" type="interpreter" result="PASS" description="Test reached expected pass state"/>
    <testcase classname="W3C_Interpreter" name="Test_235" time="0.014" type="interpreter" result="PASS" description="Test reached expected pass state"/>
    <testcase classname="W3C_Interpreter" name="Test_236" time="2.009" type="interpreter" result="PASS" description="Test reached expected pass state"/>
    <testcase classname="W3C_Interpreter" name="Test_237" time="2.504" type="interpreter" result="PASS" description="Test reached expected pass state"/>
    <testcase classname="W3C_Interpreter" name="Test_239" time="0.017" type="interpreter" result="PASS" description="Test reached expected pass state"/>
    <testcase classname="W3C_Interpreter" name="Test_240" time="0.008" type="interpreter" result="PASS" description="Test reached expected pass state"/>
    <testcase classname="W3C_Interpreter" name="Test_241" time="0.009" type="interpreter" result="PASS" description="Test reached expected pass state"/>
    <testcase classname="W3C_Interpreter" name="Test_242" time="0.007" type="interpreter" result="PASS" description="Test reached expected pass state"/>
    <testcase classname="W3C_Interpreter" name="Test_243" time="0.005" type="interpreter" result="PASS" description="Test reached expected pass state"/>
    <testcase classname="W3C_Interpreter" name="Test_244" time="0.005" type="interpreter" result="PASS" description="Test reached expected pass state"/>
    <testcase classname="W3C_Interpreter" name="Test_245" time="0.005" type="interpreter" result="PASS" description="Test reached expected pass state"/>
    <testcase classname="W3C_Interpreter" name="Test_247" time="0.014" type="interpreter" result="PASS" description="Test reached expected pass state"/>
    <testcase classname="W3C_Interpreter" name="Test_250" time="0" type="interpreter" result="PASS" description="Test skipped"/>
    <testcase classname="W3C_Interpreter" name="Test_252" time="1.007" type="interpreter" result="PASS" description="Test reached expected pass state"/>
    <testcase classname="W3C_Interpreter" name="Test_253" time="0.008" type="interpreter" result="PASS" description="Test reached expected pass state"/>
    <testcase classname="W3C_Interpreter" name="Test_276" time="0.004" type="interpreter" result="PASS" description="Test reached expected pass state"/>
    <testcase classname="W3C_Interpreter" name="Test_277" time="0.003" type="interpreter" result="PASS" description="Test reached expected pass state"/>
    <testcase classname="W3C_Interpreter" name="Test_278" time="0.001" type="interpreter" result="PASS" description="Test reached expected pass state"/>
    <testcase classname="W3C_Interpreter" name="Test_279" time="0.002" type="interpreter" result="PASS" description="Test reached expected pass state"/>
    <testcase classname="W3C_Interpreter" name="Test_280" time="0.002" type="interpreter" result="PASS" description="Test reached expected pass state"/>
    <testcase classname="W3C_Interpreter" name="Test_286" time="0.002" type="interpreter" result="PASS" description="Test reached expected pass state"/>
    <testcase classname="W3C_Interpreter" name="Test_287" time="0.002" type="interpreter" result="PASS" description="Test reached expected pass state"/>
    <testcase classname="W3C_Interpreter" name="Test_294" time="0.003" type="interpreter" result="PASS" description="Test reached expected pass state"/>
    <testcase classname="W3C_Interpreter" name="Test_298" time="0.002" type="interpreter" result="PASS" description="Test reached expected pass state"/>
    <testcase classname="W3C_Interpreter" name="Test_301" time="0" type="interpreter" result="PASS" description="Test skipped"/>
    <testcase classname="W3C_Interpreter" name="Test_302" time="0.002" type="interpreter" result="PASS" description="Test reached expected pass state"/>
    <testcase classname="W3C_Interpreter" name="Test_303" time="0.002" type="interpreter" result="PASS" description="Test reached expected pass state"/>
    <testcase classname="W3C_Interpreter" name="Test_304" time="0.002" type="interpreter" result="PASS" description="Test reached expected pass state"/>
    <testcase classname="W3C_Interpreter" name="Test_307" time="0" type="interpreter" result="PASS" description="Test skipped"/>
    <testcase classname="W3C_Interpreter" name="Test_309" time="0.001" type="interpreter" result="PASS" description="Test reached expected pass state"/>
    <testcase classname="W3C_Interpreter" name="Test_310" time="0.002" type="interpreter" result="PASS" description="Test reached expected pass state"/>
    <testcase classname="W3C_Interpreter" name="Test_311" time="0.002" type="interpreter" result="PASS" description="Test reached expected pass state"/>
    <testcase classname="W3C_Interpreter" name="Test_312" time="0.002" type="interpreter" result="PASS" description="Test reached expected pass state"/>
    <testcase classname="W3C_Interpreter" name="Test_313" time="0" type="interpreter" result="PASS" description="Test skipped"/>
    <testcase classname="W3C_Interpreter" name="Test_314" time="0" type="interpreter" result="PASS" description="Test skipped"/>
    <testcase classname="W3C_Interpreter" name="Test_318" time="0.003" type="interpreter" result="PASS" description="Test reached expected pass state"/>
    <testcase classname="W3C_Interpreter" name="Test_319" time="0.002" type="interpreter" result="PASS" description="Test reached expected pass state"/>
    <testcase classname="W3C_Interpreter" name="Test_321" time="0.001" type="interpreter" result="PASS" description="Test reached expected pass state"/>
    <testcase classname="W3C_Interpreter" name="Test_322" time="0.002" type="interpreter" result="PASS" description="Test reached expected pass state"/>
    <testcase classname="W3C_Interpreter" name="Test_323" time="0.001" type="interpreter" result="PASS" description="Test reached expected pass state"/>
    <testcase classname="W3C_Interpreter" name="Test_324" time="0.002" type="interpreter" result="PASS" description="Test reached expected pass state"/>
    <testcase classname="W3C_Interpreter" name="Test_325" time="0.001" type="interpreter" result="PASS" description="Test reached expected pass state"/>
    <testcase classname="W3C_Interpreter" name="Test_326" time="0.003" type="interpreter" result="PASS" description="Test reached expected pass state"/>
    <testcase classname="W3C_Interpreter" name="Test_329" time="0.005" type="interpreter" result="PASS" description="Test reached expected pass state"/>
    <testcase classname="W3C_Interpreter" name="Test_330" time="0.002" type="interpreter" result="PASS" description="Test reached expected pass state"/>
    <testcase classname="W3C_Interpreter" name="Test_331" time="0.006" type="interpreter" result="PASS" description="Test reached expected pass state"/>
    <testcase classname="W3C_Interpreter" name="Test_332" time="0.003" type="interpreter" result="PASS" description="Test reached expected pass state"/>
    <testcase classname="W3C_Interpreter" name="Test_333" time="0.002" type="interpreter" result="PASS" description="Test reached expected pass state"/>
    <testcase classname="W3C_Interpreter" name="Test_335" time="0.002" type="interpreter" result="PASS" description="Test reached expected pass state"/>
    <testcase classname="W3C_Interpreter" name="Test_336" time="0.004" type="interpreter" result="PASS" description="Test reached expected pass state"/>
    <testcase classname="W3C_Interpreter" name="Test_337" time="0.002" type="interpreter" result="PASS" description="Test reached expected pass state"/>
    <testcase classname="W3C_Interpreter" name="Test_338" time="0.005" type="interpreter" result="PASS" description="Test reached expected pass state"/>
    <testcase classname="W3C_Interpreter" name="Test_339" time="0.002" type="interpreter" result="PASS" description="Test reached expected pass state"/>
    <testcase classname="W3C_Interpreter" name="Test_342" time="0.003" type="interpreter" result="PASS" description="Test reached expected pass state"/>
    <testcase classname="W3C_Interpreter" name="Test_343" time="0.003" type="interpreter" result="PASS" description="Test reached expected pass state"/>
    <testcase classname="W3C_Interpreter" name="Test_344" time="0.002" type="interpreter" result="PASS" description="Test reached expected pass state"/>
    <testcase classname="W3C_Interpreter" name="Test_346" time="0.004" type="interpreter" result="PASS" description="Test reached expected pass state"/>
    <testcase classname="W3C_Interpreter" name="Test_347" time="0.016" type="interpreter" result="PASS" description="Test reached expected pass state"/>
    <testcase classname="W3C_Interpreter" name="Test_348" time="0.002" type="interpreter" result="PASS" description="Test reached expected pass state"/>
    <testcase classname="W3C_Interpreter" name="Test_349" time="0.003" type="interpreter" result="PASS" description="Test reached expected pass state"/>
    <testcase classname="W3C_Interpreter" name="Test_350" time="0.002" type="interpreter" result="PASS" description="Test reached expected pass state"/>
    <testcase classname="W3C_Interpreter" name="Test_351" time="0.005" type="interpreter" result="PASS" description="Test reached expected pass state"/>
    <testcase classname="W3C_Interpreter" name="Test_352" time="0.003" type="interpreter" result="PASS" description="Test reached expected pass state"/>
    <testcase classname="W3C_Interpreter" name="Test_354" time="0.005" type="interpreter" result="PASS" description="Test reached expected pass state"/>
    <testcase classname="W3C_Interpreter" name="Test_355" time="0.001" type="interpreter" result="PASS" description="Test reached expected pass state"/>
    <testcase classname="W3C_Interpreter" name="Test_364" time="0.007" type="interpreter" result="PASS" description="Test reached expected pass state"/>
    <testcase classname="W3C_Interpreter" name="Test_372" time="0.003" type="interpreter" result="PASS" description="Test reached expected pass state"/>
    <testcase classname="W3C_Interpreter" name="Test_375" time="0.002" type="interpreter" result="PASS" description="Test reached expected pass state"/>
    <testcase classname="W3C_Interpreter" name="Test_376" time="0.002" type="interpreter" result="PASS" description="Test reached expected pass state"/>
    <testcase classname="W3C_Interpreter" name="Test_377" time="0.003" type="interpreter" result="PASS" description="Test reached expected pass state"/>
    <testcase classname="W3C_Interpreter" name="Test_378" time="0.002" type="interpreter" result="PASS" description="Test reached expected pass state"/>
    <testcase classname="W3C_Interpreter" name="Test_387" time="0.005" type="interpreter" result="PASS" description="Test reached expected pass state"/>
    <testcase classname="W3C_Interpreter" name="Test_388" time="0.007" type="interpreter" result="PASS" description="Test reached expected pass state"/>
    <testcase classname="W3C_Interpreter" name="Test_396" time="0.002" type="interpreter" result="PASS" description="Test reached expected pass state"/>
    <testcase classname="W3C_Interpreter" name="Test_399" time="0.005" type="interpreter" result="PASS" description="Test reached expected pass state"/>
    <testcase classname="W3C_Interpreter" name="Test_401" time="0.002" type="interpreter" result="PASS" description="Test reached expected pass state"/>
    <testcase classname="W3C_Interpreter" name="Test_402" time="0.004" type="interpreter" result="PASS" description="Test reached expected pass state"/>
    <testcase classname="W3C_Interpreter" name="Test_403a" time="0.003" type="interpreter" result="PASS" description="Test reached expected pass state"/>
    <testcase classname="W3C_Interpreter" name="Test_403b" time="0.004" type="interpreter" result="PASS" description="Test reached expected pass state"/>
    <testcase classname="W3C_Interpreter" name="Test_403c" time="0.006" type="interpreter" result="PASS" description="Test reached expected pass state"/>
    <testcase classname="W3C_Interpreter" name="Test_404" time="0.005" type="interpreter" result="PASS" description="Test reached expected pass state"/>
    <testcase classname="W3C_Interpreter" name="Test_405" time="0.006" type="interpreter" result="PASS" description="Test reached expected pass state"/>
    <testcase classname="W3C_Interpreter" name="Test_406" time="0.004" type="interpreter" result="PASS" description="Test reached expected pass state"/>
    <testcase classname="W3C_Interpreter" name="Test_407" time="0.002" type="interpreter" result="PASS" description="Test reached expected pass state"/>
    <testcase classname="W3C_Interpreter" name="Test_409" time="1.003" type="interpreter" result="PASS" description="Test reached expected pass state"/>
    <testcase classname="W3C_Interpreter" name="Test_411" time="0.003" type="interpreter" result="PASS" description="Test reached expected pass state"/>
    <testcase classname="W3C_Interpreter" name="Test_412" time="0.004" type="interpreter" result="PASS" description="Test reached expected pass state"/>
    <testcase classname="W3C_Interpreter" name="Test_413" time="0.003" type="interpreter" result="PASS" description="Test reached expected pass state"/>
    <testcase classname="W3C_Interpreter" name="Test_415" time="0" type="interpreter" result="PASS" description="Test skipped"/>
    <testcase classname="W3C_Interpreter" name="Test_416" time="0.002" type="interpreter" result="PASS" description="Test reached expected pass state"/>
    <testcase classname="W3C_Interpreter" name="Test_417" time="1.005" type="interpreter" result="PASS" description="Test reached expected pass state"/>
    <testcase classname="W3C_Interpreter" name="Test_419" time="0.001" type="interpreter" result="PASS" description="Test reached expected pass state"/>
    <testcase classname="W3C_Interpreter" name="Test_421" time="0.003" type="interpreter" result="PASS" description="Test reached expected pass state"/>
    <testcase classname="W3C_Interpreter" name="Test_422" time="2.012" type="interpreter" result="PASS" description="Test reached expected pass state"/>
    <testcase classname="W3C_Interpreter" name="Test_423" time="1.006" type="interpreter" result="PASS" description="Test reached expected pass state"/>
    <testcase classname="W3C_Interpreter" name="Test_436" time="0.002" type="interpreter" result="PASS" description="Test reached expected pass state"/>
    <testcase classname="W3C_Interpreter" name="Test_444" time="0.001" type="interpreter" result="PASS" description="Test reached expected pass state"/>
    <testcase classname="W3C_Interpreter" name="Test_445" time="0.001" type="interpreter" result="PASS" description="Test reached expected pass state"/>
    <testcase classname="W3C_Interpreter" name="Test_446" time="0.002" type="interpreter" result="PASS" description="Test reached expected pass state"/>
    <testcase classname="W3C_Interpreter" name="Test_448" time="0.003" type="interpreter" result="PASS" description="Test reached expected pass state"/>
    <testcase classname="W3C_Interpreter" name="Test_449" time="0.001" type="interpreter" result="PASS" description="Test reached expected pass state"/>
    <testcase classname="W3C_Interpreter" name="Test_451" time="0.002" type="interpreter" result="PASS" description="Test reached expected pass state"/>
    <testcase classname="W3C_Interpreter" name="Test_452" time="0.003" type="interpreter" result="PASS" description="Test reached expected pass state"/>
    <testcase classname="W3C_Interpreter" name="Test_453" time="0.002" type="interpreter" result="PASS" description="Test reached expected pass state"/>
    <testcase classname="W3C_Interpreter" name="Test_456" time="0.002" type="interpreter" result="PASS" description="Test reached expected pass state"/>
    <testcase classname="W3C_Interpreter" name="Test_457" time="0.008" type="interpreter" result="PASS" description="Test reached expected pass state"/>
    <testcase classname="W3C_Interpreter" name="Test_459" time="0.005" type="interpreter" result="PASS" description="Test reached expected pass state"/>
    <testcase classname="W3C_Interpreter" name="Test_460" time="0.006" type="interpreter" result="PASS" description="Test reached expected pass state"/>
    <testcase classname="W3C_Interpreter" name="Test_487" time="0.002" type="interpreter" result="PASS" description="Test reached expected pass state"/>
    <testcase classname="W3C_Interpreter" name="Test_488" time="0.003" type="interpreter" result="PASS" description="Test reached expected pass state"/>
    <testcase classname="W3C_Interpreter" name="Test_495" time="0.003" type="interpreter" result="PASS" description="Test reached expected pass state"/>
    <testcase classname="W3C_Interpreter" name="Test_496" time="0.002" type="interpreter" result="PASS" description="Test reached expected pass state"/>
    <testcase classname="W3C_Interpreter" name="Test_500" time="0.001" type="interpreter" result="PASS" description="Test reached expected pass state"/>
    <testcase classname="W3C_Interpreter" name="Test_501" time="0.002" type="interpreter" result="PASS" description="Test reached expected pass state"/>
    <testcase classname="W3C_Interpreter" name="Test_503" time="0.004" type="interpreter" result="PASS" description="Test reached expected pass state"/>
    <testcase classname="W3C_Interpreter" name="Test_504" time="0.009" type="interpreter" result="PASS" description="Test reached expected pass state"/>
    <testcase classname="W3C_Interpreter" name="Test_505" time="0.005" type="interpreter" result="PASS" description="Test reached expected pass state"/>
    <testcase classname="W3C_Interpreter" name="Test_506" time="0.006" type="interpreter" result="PASS" description="Test reached expected pass state"/>
    <testcase classname="W3C_Interpreter" name="Test_509" time="0.004" type="interpreter" result="PASS" description="Test reached expected pass state"/>
    <testcase classname="W3C_Interpreter" name="Test_510" time="0.004" type="interpreter" result="PASS" description="Test reached expected pass state"/>
    <testcase classname="W3C_Interpreter" name="Test_513" time="0" type="interpreter" result="PASS" description="Test skipped"/>
    <testcase classname="W3C_Interpreter" name="Test_518" time="0.003" type="interpreter" result="PASS" description="Test reached expected pass state"/>
    <testcase classname="W3C_Interpreter" name="Test_519" time="0.004" type="interpreter" result="PASS" description="Test reached expected pass state"/>
    <testcase classname="W3C_Interpreter" name="Test_520" time="0.003" type="interpreter" result="PASS" description="Test reached expected pass state"/>
    <testcase classname="W3C_Interpreter" name="Test_521" time="0.002" type="interpreter" result="PASS" description="Test reached expected pass state"/>
    <testcase classname="W3C_Interpreter" name="Test_522" time="0.003" type="interpreter" result="PASS" description="Test reached expected pass state"/>
    <testcase classname="W3C_Interpreter" name="Test_525" time="0.004" type="interpreter" result="PASS" description="Test reached expected pass state"/>
    <testcase classname="W3C_Interpreter" name="Test_527" time="0.002" type="interpreter" result="PASS" description="Test reached expected pass state"/>
    <testcase classname="W3C_Interpreter" name="Test_528" time="0.003" type="interpreter" result="PASS" description="Test reached expected pass state"/>
    <testcase classname="W3C_Interpreter" name="Test_529" time="0.002" type="interpreter" result="PASS" description="Test reached expected pass state"/>
    <testcase classname="W3C_Interpreter" name="Test_530" time="0.004" type="interpreter" result="PASS" description="Test reached expected pass state"/>
    <testcase classname="W3C_Interpreter" name="Test_531" time="0.003" type="interpreter" result="PASS" description="Test reached expected pass state"/>
    <testcase classname="W3C_Interpreter" name="Test_532" time="0.003" type="interpreter" result="PASS" description="Test reached expected pass state"/>
    <testcase classname="W3C_Interpreter" name="Test_533" time="0.008" type="interpreter" result="PASS" description="Test reached expected pass state"/>
    <testcase classname="W3C_Interpreter" name="Test_534" time="0.003" type="interpreter" result="PASS" description="Test reached expected pass state"/>
    <testcase classname="W3C_Interpreter" name="Test_550" time="0.001" type="interpreter" result="PASS" description="Test reached expected pass state"/>
    <testcase classname="W3C_Interpreter" name="Test_551" time="0.002" type="interpreter" result="PASS" description="Test reached expected pass state"/>
    <testcase classname="W3C_Interpreter" name="Test_552" time="0.001" type="interpreter" result="PASS" description="Test reached expected pass state"/>
    <testcase classname="W3C_Interpreter" name="Test_553" time="1.012" type="interpreter" result="PASS" description="Test reached expected pass state"/>
    <testcase classname="W3C_Interpreter" name="Test_554" time="1.006" type="interpreter" result="PASS" description="Test reached expected pass state"/>
    <testcase classname="W3C_Interpreter" name="Test_557" time="0.002" type="interpreter" result="PASS" description="Test reached expected pass state"/>
    <testcase classname="W3C_Interpreter" name="Test_558" time="0.002" type="interpreter" result="PASS" description="Test reached expected pass state"/>
    <testcase classname="W3C_Interpreter" name="Test_560" time="0.002" type="interpreter" result="PASS" description="Test reached expected pass state"/>
    <testcase classname="W3C_Interpreter" name="Test_561" time="0.002" type="interpreter" result="PASS" description="Test reached expected pass state"/>
    <testcase classname="W3C_Interpreter" name="Test_562" time="0.001" type="interpreter" result="PASS" description="Test reached expected pass state"/>
    <testcase classname="W3C_Interpreter" name="Test_567" time="0.004" type="interpreter" result="PASS" description="Test reached expected pass state"/>
    <testcase classname="W3C_Interpreter" name="Test_569" time="0.001" type="interpreter" result="PASS" description="Test reached expected pass state"/>
    <testcase classname="W3C_Interpreter" name="Test_570" time="0.004" type="interpreter" result="PASS" description="Test reached expected pass state"/>
    <testcase classname="W3C_Interpreter" name="Test_576" time="0.002" type="interpreter" result="PASS" description="Test reached expected pass state"/>
    <testcase classname="W3C_Interpreter" name="Test_577" time="0.002" type="interpreter" result="PASS" description="Test reached expected pass state"/>
    <testcase classname="W3C_Interpreter" name="Test_578" time="0.002" type="interpreter" result="PASS" description="Test reached expected pass state"/>
    <testcase classname="W3C_Interpreter" name="Test_579" time="1.006" type="interpreter" result="PASS" description="Test reached expected pass state"/>
    <testcase classname="W3C_Interpreter" name="Test_580" time="0.004" type="interpreter" result="PASS" description="Test reached expected pass state"/>
  </testsuite>
  <testsuite name="W3C_SCXML_AOT" tests="202" failures="60" errors="0" time="5.54">
    <testcase classname="W3C_AOT" name="Test_144" time="0" type="pure_static" result="PASS" description="Event queue ordering"/>
    <testcase classname="W3C_AOT" name="Test_147" time="0.001" type="static_hybrid" result="PASS" description="If/elseif/else conditionals with datamodel"/>
    <testcase classname="W3C_AOT" name="Test_148" time="0" type="static_hybrid" result="PASS" description="Else clause execution with datamodel"/>
    <testcase classname="W3C_AOT" name="Test_149" time="0" type="static_hybrid" result="PASS" description="Neither if nor elseif executes"/>
    <testcase classname="W3C_AOT" name="Test_150" time="0.003" type="static_hybrid" result="PASS" description="Foreach with dynamic variables (AOT JSEngine)"/>
    <testcase classname="W3C_AOT" name="Test_151" time="0.003" type="static_hybrid" result="PASS" description="Foreach declares new variables (AOT JSEngine)"/>
    <testcase classname="W3C_AOT" name="Test_152" time="0.001" type="static_hybrid" result="PASS" description="Foreach error handling (AOT JSEngine)"/>
    <testcase classname="W3C_AOT" name="Test_153" time="0.001" type="static_hybrid" result="PASS" description="Foreach array iteration order (AOT JSEngine)"/>
    <testcase classname="W3C_AOT" name="Test_155" time="0.001" type="static_hybrid" result="PASS" description="Foreach sums array items into variable (AOT JSEngine)"/>
    <testcase classname="W3C_AOT" name="Test_156" time="0.001" type="static_hybrid" result="PASS" description="Foreach error handling stops loop (AOT JSEngine)"/>
    <testcase classname="W3C_AOT" name="Test_158" time="0" type="static_hybrid" result="PASS" description="Executable content document order (AOT)"/>
    <testcase classname="W3C_AOT" name="Test_159" time="0" type="static_hybrid" result="PASS" description="Error in executable content stops subsequent elements (AOT)"/>
    <testcase classname="W3C_AOT" name="Test_172" time="0" type="static_hybrid" result="PASS" description="Send eventexpr uses current datamodel value (AOT)"/>
    <testcase classname="W3C_AOT" name="Test_173" time="0" type="static_hybrid" result="PASS" description="Send targetexpr uses current datamodel value (AOT)"/>
    <testcase classname="W3C_AOT" name="Test_174" time="0" type="static_hybrid" result="PASS" description="Send typeexpr uses current datamodel value (AOT)"/>
    <testcase classname="W3C_AOT" name="Test_175" time="1.003" type="static_hybrid" result="PASS" description="Send delayexpr uses current datamodel value (AOT)"/>
    <testcase classname="W3C_AOT" name="Test_176" time="0.001" type="static_hybrid" result="PASS" description="Send param uses current datamodel value (AOT)"/>
    <testcase classname="W3C_AOT" name="Test_178" time="0" type="pure_static" result="PASS" description="Send with duplicate param names (AOT)"/>
    <testcase classname="W3C_AOT" name="Test_179" time="0" type="static_hybrid" result="PASS" description="Send content populates event body (AOT)"/>
    <testcase classname="W3C_AOT" name="Test_183" time="0" type="static_hybrid" result="PASS" description="Basic conditional transition (AOT)"/>
    <testcase classname="W3C_AOT" name="Test_185" time="1.002" type="pure_static" result="PASS" description="Basic delayed send (W3C SCXML 6.2 AOT)"/>
    <testcase classname="W3C_AOT" name="Test_186" time="1.005" type="static_hybrid" result="PASS" description="Delayed send with params (W3C SCXML 6.2/5.10 AOT)"/>
    <testcase classname="W3C_AOT" name="Test_187" time="0" type="interpreter_fallback" result="PASS" description="Tested via Interpreter engine (In() predicate)"/>
    <testcase classname="W3C_AOT" name="Test_189" time="0" type="interpreter_fallback" result="PASS" description="Tested via Interpreter engine (In() predicate)"/>
    <testcase classname="W3C_AOT" name="Test_190" time="0" type="interpreter_fallback" result="PASS" description="Tested via Interpreter engine (In() predicate)"/>
    <testcase classname="W3C_AOT" name="Test_191" time="0" type="interpreter_fallback" result="PASS" description="Tested via Interpreter engine (In() predicate)"/>
    <testcase classname="W3C_AOT" name="Test_192" time="0" type="interpreter_fallback" result="PASS" description="Tested via Interpreter engine (In() predicate)"/>
    <testcase classname="W3C_AOT" name="Test_193" time="0" type="pure_static" result="PASS" description="Type attribute routes events to external queue (W3C 6.2.4 AOT)"/>
    <testcase classname="W3C_AOT" name="Test_194" time="0" type="pure_static" result="PASS" description="Invalid target raises error.execution (W3C 6.2 AOT)"/>
    <testcase classname="W3C_AOT" name="Test_198" time="0" type="interpreter_fallback" result="PASS" description="Tested via Interpreter engine (In() predicate)"/>
    <testcase classname="W3C_AOT" name="Test_199" time="0" type="interpreter_fallback" result="PASS" description="Tested via Interpreter engine (In() predicate)"/>
    <testcase classname="W3C_AOT" name="Test_200" time="0" type="pure_static" result="PASS" description="SCXML event processor support (W3C 6.2 AOT)"/>
    <testcase classname="W3C_AOT" name="Test_201" time="0" type="interpreter_fallback" result="PASS" description="Tested via Interpreter engine (In() predicate)"/>
    <testcase classname="W3C_AOT" name="Test_205" time="0" type="interpreter_fallback" result="PASS" description="Tested via Interpreter engine (In() predicate)"/>
    <testcase classname="W3C_AOT" name="Test_207" time="0" type="interpreter_fallback" result="PASS" description="Tested via Interpreter engine (In() predicate)"/>
    <testcase classname="W3C_AOT" name="Test_208" time="1.508" type="pure_static" result="PASS" description="Cancel delayed send by sendid (W3C 6.3 AOT)"/>
    <testcase classname="W3C_AOT" name="Test_210" time="0" type="interpreter_fallback" result="PASS" description="Tested via Interpreter engine (In() predicate)"/>
    <testcase classname="W3C_AOT" name="Test_215" time="0" type="interpreter_fallback" result="PASS" description="Tested via Interpreter engine (In() predicate)"/>
    <testcase classname="W3C_AOT" name="Test_216" time="0" type="interpreter_fallback" result="PASS" description="Tested via Interpreter engine (In() predicate)"/>
    <testcase classname="W3C_AOT" name="Test_220" time="0" type="interpreter_fallback" result="PASS" description="Tested via Interpreter engine (In() predicate)"/>
    <testcase classname="W3C_AOT" name="Test_223" time="0" type="interpreter_fallback" result="PASS" description="Tested via Interpreter engine (In() predicate)"/>
    <testcase classname="W3C_AOT" name="Test_224" time="0" type="interpreter_fallback" result="PASS" description="Tested via Interpreter engine (In() predicate)"/>
    <testcase classname="W3C_AOT" name="Test_225" time="0" type="interpreter_fallback" result="PASS" description="Tested via Interpreter engine (In() predicate)"/>
    <testcase classname="W3C_AOT" name="Test_226" time="0" type="interpreter_fallback" result="PASS" description="Tested via Interpreter engine (In() predicate)"/>
    <testcase classname="W3C_AOT" name="Test_228" time="0" type="interpreter_fallback" result="PASS" description="Tested via Interpreter engine (In() predicate)"/>
    <testcase classname="W3C_AOT" name="Test_229" time="0" type="interpreter_fallback" result="PASS" description="Tested via Interpreter engine (In() predicate)"/>
    <testcase classname="W3C_AOT" name="Test_230" time="0" type="interpreter_fallback" result="PASS" description="Tested via Interpreter engine (In() predicate)"/>
    <testcase classname="W3C_AOT" name="Test_232" time="0" type="interpreter_fallback" result="PASS" description="Tested via Interpreter engine (In() predicate)"/>
    <testcase classname="W3C_AOT" name="Test_233" time="0" type="interpreter_fallback" result="PASS" description="Tested via Interpreter engine (In() predicate)"/>
    <testcase classname="W3C_AOT" name="Test_234" time="0" type="interpreter_fallback" result="PASS" description="Tested via Interpreter engine (In() predicate)"/>
    <testcase classname="W3C_AOT" name="Test_235" time="0" type="interpreter_fallback" result="PASS" description="Tested via Interpreter engine (In() predicate)"/>
    <testcase classname="W3C_AOT" name="Test_236" time="0" type="interpreter_fallback" result="PASS" description="Tested via Interpreter engine (In() predicate)"/>
    <testcase classname="W3C_AOT" name="Test_237" time="0" type="interpreter_fallback" result="PASS" description="Tested via Interpreter engine (In() predicate)"/>
    <testcase classname="W3C_AOT" name="Test_239" time="0" type="interpreter_fallback" result="PASS" description="Tested via Interpreter engine (In() predicate)"/>
    <testcase classname="W3C_AOT" name="Test_240" time="0" type="interpreter_fallback" result="PASS" description="Tested via Interpreter engine (In() predicate)"/>
    <testcase classname="W3C_AOT" name="Test_241" time="0" type="interpreter_fallback" result="PASS" description="Tested via Interpreter engine (In() predicate)"/>
    <testcase classname="W3C_AOT" name="Test_242" time="0" type="interpreter_fallback" result="PASS" description="Tested via Interpreter engine (In() predicate)"/>
    <testcase classname="W3C_AOT" name="Test_243" time="0" type="interpreter_fallback" result="PASS" description="Tested via Interpreter engine (In() predicate)"/>
    <testcase classname="W3C_AOT" name="Test_244" time="0" type="interpreter_fallback" result="PASS" description="Tested via Interpreter engine (In() predicate)"/>
    <testcase classname="W3C_AOT" name="Test_245" time="0" type="interpreter_fallback" result="PASS" description="Tested via Interpreter engine (In() predicate)"/>
    <testcase classname="W3C_AOT" name="Test_247" time="0" type="interpreter_fallback" result="PASS" description="Tested via Interpreter engine (In() predicate)"/>
    <testcase classname="W3C_AOT" name="Test_250" time="0" type="interpreter_fallback" result="PASS" description="Tested via Interpreter engine (In() predicate)"/>
    <testcase classname="W3C_AOT" name="Test_252" time="0" type="interpreter_fallback" result="PASS" description="Tested via Interpreter engine (In() predicate)"/>
    <testcase classname="W3C_AOT" name="Test_253" time="0" type="interpreter_fallback" result="PASS" description="Tested via Interpreter engine (In() predicate)"/>
    <testcase classname="W3C_AOT" name="Test_276" time="0" type="pure_static" result="PASS" description="Static invoke param passing (W3C 6.4 AOT)"/>
    <testcase classname="W3C_AOT" name="Test_277" time="0" type="static_hybrid" result="PASS" description="Datamodel init error.execution (W3C 5.3 AOT)"/>
    <testcase classname="W3C_AOT" name="Test_278" time="0" type="static_hybrid" result="PASS" description="Global scope datamodel access (W3C 5.10 AOT)"/>
    <testcase classname="W3C_AOT" name="Test_279" time="0" type="static_hybrid" result="PASS" description="Early binding variable initialization (W3C 5.2.2 AOT)"/>
    <testcase classname="W3C_AOT" name="Test_280" time="0" type="static_hybrid" result="PASS" description="Late binding variable initialization (W3C 5.3 AOT)"/>
    <testcase classname="W3C_AOT" name="Test_286" time="0" type="static_hybrid" result="PASS" description="Invalid assignment location error handling (W3C 5.3 AOT)"/>
    <testcase classname="W3C_AOT" name="Test_287" time="0" type="static_hybrid" result="PASS" description="Valid assignment to valid location (W3C 5.4 AOT)"/>
    <testcase classname="W3C_AOT" name="Test_294" time="0" type="interpreter_fallback" result="PASS" description="Tested via Interpreter engine (In() predicate)"/>
    <testcase classname="W3C_AOT" name="Test_298" time="0" type="interpreter_fallback" result="PASS" description="Tested via Interpreter engine (In() predicate)"/>
    <testcase classname="W3C_AOT" name="Test_301" time="0" type="pure_static" result="PASS" description="Script download timeout rejection (W3C 5.8 AOT - Manual)"/>
    <testcase classname="W3C_AOT" name="Test_302" time="0" type="interpreter_fallback" result="PASS" description="Tested via Interpreter engine (In() predicate)"/>
    <testcase classname="W3C_AOT" name="Test_303" time="0" type="interpreter_fallback" result="PASS" description="Tested via Interpreter engine (In() predicate)"/>
    <testcase classname="W3C_AOT" name="Test_304" time="0" type="interpreter_fallback" result="PASS" description="Tested via Interpreter engine (In() predicate)"/>
    <testcase classname="W3C_AOT" name="Test_307" time="0" type="interpreter_fallback" result="PASS" description="Tested via Interpreter engine (In() predicate)"/>
    <testcase classname="W3C_AOT" name="Test_309" time="0" type="interpreter_fallback" result="PASS" description="Tested via Interpreter engine (In() predicate)"/>
    <testcase classname="W3C_AOT" name="Test_310" time="0" type="interpreter_fallback" result="PASS" description="Tested via Interpreter engine (In() predicate)"/>
    <testcase classname="W3C_AOT" name="Test_311" time="0" type="static_hybrid" result="PASS" description="error.execution for invalid assign location (W3C 5.9.2 AOT)"/>
    <testcase classname="W3C_AOT" name="Test_312" time="0" type="static_hybrid" result="PASS" description="Assignment illegal expr error (W3C 5.9.2 AOT)"/>
    <testcase classname="W3C_AOT" name="Test_313" time="0" type="static_hybrid" result="PASS" description="Assign illegal expression error.execution (W3C 5.9.2 AOT)"/>
    <testcase classname="W3C_AOT" name="Test_314" time="0" type="static_hybrid" result="PASS" description="Delayed assign illegal expression (W3C 5.9.2 AOT)"/>
    <testcase classname="W3C_AOT" name="Test_318" time="0" type="static_hybrid" result="PASS" description="_event variable binding (W3C 5.10 AOT)"/>
    <testcase classname="W3C_AOT" name="Test_319" time="0" type="static_hybrid" result="PASS" description="_event not bound before first event (W3C B.1 AOT)"/>
    <testcase classname="W3C_AOT" name="Test_321" time="0" type="static_hybrid" result="PASS" description="_sessionid binding (W3C 5.10.1 AOT)"/>
    <testcase classname="W3C_AOT" name="Test_322" time="0" type="static_hybrid" result="PASS" description="_sessionid immutability (W3C B.2.1 AOT)"/>
    <testcase classname="W3C_AOT" name="Test_323" time="0" type="static_hybrid" result="PASS" description="_name system variable (W3C B.2.1 AOT)"/>
    <testcase classname="W3C_AOT" name="Test_324" time="0" type="static_hybrid" result="PASS" description="_name immutability (W3C B.2.2 AOT)"/>
    <testcase classname="W3C_AOT" name="Test_325" time="0" type="static_hybrid" result="PASS" description="_ioprocessors binding (W3C 5.10 AOT)"/>
    <testcase classname="W3C_AOT" name="Test_326" time="0" type="static_hybrid" result="PASS" description="_ioprocessors immutability (W3C B.2.3 AOT)"/>
    <testcase classname="W3C_AOT" name="Test_329" time="0.001" type="pure_static" result="PASS" description="System variables immutability (W3C 5.10 AOT)"/>
    <testcase classname="W3C_AOT" name="Test_330" time="0" type="pure_static" result="PASS" description="Event field binding (W3C 5.10 AOT)"/>
    <testcase classname="W3C_AOT" name="Test_331" time="0.001" type="static_hybrid" result="PASS" description="Event type classification (W3C 5.10.1 AOT)"/>
    <testcase classname="W3C_AOT" name="Test_332" time="0" type="static_hybrid" result="PASS" description="_event.sendid in error events (W3C 5.10.1, 6.2.4 AOT)"/>
    <testcase classname="W3C_AOT" name="Test_333" time="0" type="pure_static" result="PASS" description="_event.sendid blank for non-error events (W3C 5.10.1 AOT)"/>
    <testcase classname="W3C_AOT" name="Test_335" time="0" type="pure_static" result="PASS" description="_event.origin blank for internal events (W3C 5.10 AOT)"/>
    <testcase classname="W3C_AOT" name="Test_336" time="0" type="static_hybrid" result="PASS" description="_event.origin bidirectional communication (W3C 5.10.1 AOT)"/>
    <testcase classname="W3C_AOT" name="Test_337" time="0" type="pure_static" result="PASS" description="Internal event origintype blank (W3C 5.10.1 AOT)"/>
    <testcase classname="W3C_AOT" name="Test_338" time="0.001" type="static_hybrid" result="PASS" description="Static invoke inline content (W3C 6.4 AOT)"/>
    <testcase classname="W3C_AOT" name="Test_339" time="0" type="pure_static" result="PASS" description="Internal event invokeid blank (W3C 5.10 AOT)"/>
    <testcase classname="W3C_AOT" name="Test_342" time="0" type="static_hybrid" result="PASS" description="eventexpr dynamic event name (W3C 6.2 AOT)"/>
    <testcase classname="W3C_AOT" name="Test_343" time="0" type="static_hybrid" result="PASS" description="Invalid param error.execution (W3C 5.10.1 AOT)"/>
    <testcase classname="W3C_AOT" name="Test_344" time="0" type="static_hybrid" result="PASS" description="Invalid cond expression error.execution (W3C 5.9 AOT)"/>
    <testcase classname="W3C_AOT" name="Test_346" time="0.001" type="static_hybrid" result="PASS" description="System variable protection (W3C 5.9.1 AOT)"/>
    <testcase classname="W3C_AOT" name="Test_347" time="0" type="pure_static" result="PASS" description="SCXML Event I/O processor communication (W3C 6.4 AOT)"/>
    <testcase classname="W3C_AOT" name="Test_348" time="0" type="pure_static" result="PASS" description="Send event parameter sets event name (W3C 6.2 AOT)"/>
    <testcase classname="W3C_AOT" name="Test_349" time="0" type="static_hybrid" result="PASS" description="_event.origin system variable (W3C 5.10.1 AOT)"/>
    <testcase classname="W3C_AOT" name="Test_350" time="0" type="static_hybrid" result="PASS" description="Default initial state (W3C 3.6 AOT)"/>
    <testcase classname="W3C_AOT" name="Test_351" time="0.001" type="static_hybrid" result="PASS" description="_event.sendid field validation (W3C 5.10.1 AOT)"/>
    <testcase classname="W3C_AOT" name="Test_352" time="0" type="static_hybrid" result="PASS" description="Event origintype field (W3C 5.10.1 AOT)"/>
    <testcase classname="W3C_AOT" name="Test_354" time="0.001" type="static_hybrid" result="PASS" description="Event data with namelist/param/content (W3C 5.10 AOT)"/>
    <testcase classname="W3C_AOT" name="Test_355" time="0" type="interpreter_fallback" result="PASS" description="Tested via Interpreter engine (dynamic invoke)"/>
    <testcase classname="W3C_AOT" name="Test_364" time="0" type="interpreter_fallback" result="PASS" description="Tested via Interpreter engine (dynamic invoke)"/>
    <testcase classname="W3C_AOT" name="Test_372" time="0" type="interpreter_fallback" result="PASS" description="Tested via Interpreter engine (dynamic invoke)"/>
    <testcase classname="W3C_AOT" name="Test_375" time="0" type="interpreter_fallback" result="PASS" description="Tested via Interpreter engine (dynamic invoke)"/>
    <testcase classname="W3C_AOT" name="Test_376" time="0" type="interpreter_fallback" result="PASS" description="Tested via Interpreter engine (dynamic invoke)"/>
    <testcase classname="W3C_AOT" name="Test_377" time="0" type="interpreter_fallback" result="PASS" description="Tested via Interpreter engine (dynamic invoke)"/>
    <testcase classname="W3C_AOT" name="Test_378" time="0" type="interpreter_fallback" result="PASS" description="Tested via Interpreter engine (dynamic invoke)"/>
    <testcase classname="W3C_AOT" name="Test_387" time="0" type="pure_static" result="PASS" description="History states with default transitions (W3C 3.11 AOT)"/>
    <testcase classname="W3C_AOT" name="Test_388" time="0.001" type="static_hybrid" result="PASS" description="History states work correctly (W3C 3.11 AOT)"/>
    <testcase classname="W3C_AOT" name="Test_396" time="0" type="pure_static" result="PASS" description="Event name matching (W3C 3.12.1 AOT)"/>
    <testcase classname="W3C_AOT" name="Test_399" time="0" type="pure_static" result="PASS" description="Event name matching with prefix and wildcard (W3C 5.9.3 AOT)"/>
    <testcase classname="W3C_AOT" name="Test_401" time="0" type="static_hybrid" result="PASS" description="Internal event queue priority (W3C 3.12.1 AOT)"/>
    <testcase classname="W3C_AOT" name="Test_402" time="0" type="static_hybrid" result="PASS" description="Error event ordering and prefix matching (W3C 3.12 AOT)"/>
    <testcase classname="W3C_AOT" name="Test_403a" time="0" type="pure_static" result="PASS" description="Optimal enabled transition set (W3C 3.13 basic AOT)"/>
    <testcase classname="W3C_AOT" name="Test_403b" time="0" type="pure_static" result="PASS" description="Optimal enabled transition set (W3C 3.13 basic AOT)"/>
    <testcase classname="W3C_AOT" name="Test_403c" time="0" type="pure_static" result="PASS" description="Optimal enabled transition set (W3C 3.13 basic AOT)"/>
    <testcase classname="W3C_AOT" name="Test_404" time="0" type="pure_static" result="PASS" description="Parallel state exit order (W3C 3.13 AOT)"/>
    <testcase classname="W3C_AOT" name="Test_405" time="0" type="pure_static" result="PASS" description="Transition executable content ordering (W3C 3.9 AOT)"/>
    <testcase classname="W3C_AOT" name="Test_406" time="0" type="pure_static" result="PASS" description="State entry order with parallel regions (W3C 3.3 AOT)"/>
    <testcase classname="W3C_AOT" name="Test_407" time="0" type="static_hybrid" result="PASS" description="onexit handlers (W3C 3.8 AOT)"/>
    <testcase classname="W3C_AOT" name="Test_409" time="1.002" type="pure_static" result="PASS" description="State removal from active states during exit (W3C 3.12.1 AOT)"/>
    <testcase classname="W3C_AOT" name="Test_411" time="0" type="pure_static" result="PASS" description="State addition to active states during entry (W3C 3.12.1 AOT)"/>
    <testcase classname="W3C_AOT" name="Test_412" time="0" type="pure_static" result="PASS" description="Initial transition executable content execution order (W3C 3.3.2 AOT)"/>
    <testcase classname="W3C_AOT" name="Test_413" time="0" type="pure_static" result="PASS" description="Parallel initial states (W3C 3.13 AOT)"/>
    <testcase classname="W3C_AOT" name="Test_415" time="0" type="pure_static" result="PASS" description="Top-level final state halts execution (W3C 3.7.1 AOT)"/>
    <testcase classname="W3C_AOT" name="Test_416" time="0" type="pure_static" result="PASS" description="done.state.id event generation (W3C 3.3.2 AOT)"/>
    <testcase classname="W3C_AOT" name="Test_417" time="0" type="pure_static" result="PASS" description="Parallel done.state event (W3C 3.7.1 AOT)"/>
    <testcase classname="W3C_AOT" name="Test_419" time="0" type="pure_static" result="PASS" description="Eventless transition precedence (W3C 3.13 AOT)"/>
    <testcase classname="W3C_AOT" name="Test_421" time="0" type="interpreter_fallback" result="FAIL" description="Test not yet implemented in AOT engine">
      <failure message="Test not yet implemented in AOT engine"/>
    </testcase>
    <testcase classname="W3C_AOT" name="Test_422" time="0" type="interpreter_fallback" result="FAIL" description="Test not yet implemented in AOT engine">
      <failure message="Test not yet implemented in AOT engine"/>
    </testcase>
    <testcase classname="W3C_AOT" name="Test_423" time="0" type="interpreter_fallback" result="FAIL" description="Test not yet implemented in AOT engine">
      <failure message="Test not yet implemented in AOT engine"/>
    </testcase>
    <testcase classname="W3C_AOT" name="Test_436" time="0" type="interpreter_fallback" result="FAIL" description="Test not yet implemented in AOT engine">
      <failure message="Test not yet implemented in AOT engine"/>
    </testcase>
    <testcase classname="W3C_AOT" name="Test_444" time="0" type="interpreter_fallback" result="FAIL" description="Test not yet implemented in AOT engine">
      <failure message="Test not yet implemented in AOT engine"/>
    </testcase>
    <testcase classname="W3C_AOT" name="Test_445" time="0" type="interpreter_fallback" result="FAIL" description="Test not yet implemented in AOT engine">
      <failure message="Test not yet implemented in AOT engine"/>
    </testcase>
    <testcase classname="W3C_AOT" name="Test_446" time="0" type="interpreter_fallback" result="FAIL" description="Test not yet implemented in AOT engine">
      <failure message="Test not yet implemented in AOT engine"/>
    </testcase>
    <testcase classname="W3C_AOT" name="Test_448" time="0" type="interpreter_fallback" result="FAIL" description="Test not yet implemented in AOT engine">
      <failure message="Test not yet implemented in AOT engine"/>
    </testcase>
    <testcase classname="W3C_AOT" name="Test_449" time="0" type="interpreter_fallback" result="FAIL" description="Test not yet implemented in AOT engine">
      <failure message="Test not yet implemented in AOT engine"/>
    </testcase>
    <testcase classname="W3C_AOT" name="Test_451" time="0" type="interpreter_fallback" result="FAIL" description="Test not yet implemented in AOT engine">
      <failure message="Test not yet implemented in AOT engine"/>
    </testcase>
    <testcase classname="W3C_AOT" name="Test_452" time="0" type="interpreter_fallback" result="FAIL" description="Test not yet implemented in AOT engine">
      <failure message="Test not yet implemented in AOT engine"/>
    </testcase>
    <testcase classname="W3C_AOT" name="Test_453" time="0" type="interpreter_fallback" result="FAIL" description="Test not yet implemented in AOT engine">
      <failure message="Test not yet implemented in AOT engine"/>
    </testcase>
    <testcase classname="W3C_AOT" name="Test_456" time="0" type="interpreter_fallback" result="FAIL" description="Test not yet implemented in AOT engine">
      <failure message="Test not yet implemented in AOT engine"/>
    </testcase>
    <testcase classname="W3C_AOT" name="Test_457" time="0" type="interpreter_fallback" result="FAIL" description="Test not yet implemented in AOT engine">
      <failure message="Test not yet implemented in AOT engine"/>
    </testcase>
    <testcase classname="W3C_AOT" name="Test_459" time="0" type="interpreter_fallback" result="FAIL" description="Test not yet implemented in AOT engine">
      <failure message="Test not yet implemented in AOT engine"/>
    </testcase>
    <testcase classname="W3C_AOT" name="Test_460" time="0" type="interpreter_fallback" result="FAIL" description="Test not yet implemented in AOT engine">
      <failure message="Test not yet implemented in AOT engine"/>
    </testcase>
    <testcase classname="W3C_AOT" name="Test_487" time="0" type="interpreter_fallback" result="FAIL" description="Test not yet implemented in AOT engine">
      <failure message="Test not yet implemented in AOT engine"/>
    </testcase>
    <testcase classname="W3C_AOT" name="Test_488" time="0" type="interpreter_fallback" result="FAIL" description="Test not yet implemented in AOT engine">
      <failure message="Test not yet implemented in AOT engine"/>
    </testcase>
    <testcase classname="W3C_AOT" name="Test_495" time="0" type="interpreter_fallback" result="FAIL" description="Test not yet implemented in AOT engine">
      <failure message="Test not yet implemented in AOT engine"/>
    </testcase>
    <testcase classname="W3C_AOT" name="Test_496" time="0" type="interpreter_fallback" result="FAIL" description="Test not yet implemented in AOT engine">
      <failure message="Test not yet implemented in AOT engine"/>
    </testcase>
    <testcase classname="W3C_AOT" name="Test_500" time="0" type="interpreter_fallback" result="FAIL" description="Test not yet implemented in AOT engine">
      <failure message="Test not yet implemented in AOT engine"/>
    </testcase>
    <testcase classname="W3C_AOT" name="Test_501" time="0" type="interpreter_fallback" result="FAIL" description="Test not yet implemented in AOT engine">
      <failure message="Test not yet implemented in AOT engine"/>
    </testcase>
    <testcase classname="W3C_AOT" name="Test_503" time="0" type="interpreter_fallback" result="FAIL" description="Test not yet implemented in AOT engine">
      <failure message="Test not yet implemented in AOT engine"/>
    </testcase>
    <testcase classname="W3C_AOT" name="Test_504" time="0" type="interpreter_fallback" result="FAIL" description="Test not yet implemented in AOT engine">
      <failure message="Test not yet implemented in AOT engine"/>
    </testcase>
    <testcase classname="W3C_AOT" name="Test_505" time="0" type="interpreter_fallback" result="FAIL" description="Test not yet implemented in AOT engine">
      <failure message="Test not yet implemented in AOT engine"/>
    </testcase>
    <testcase classname="W3C_AOT" name="Test_506" time="0" type="interpreter_fallback" result="FAIL" description="Test not yet implemented in AOT engine">
      <failure message="Test not yet implemented in AOT engine"/>
    </testcase>
    <testcase classname="W3C_AOT" name="Test_509" time="0" type="interpreter_fallback" result="FAIL" description="Test not yet implemented in AOT engine">
      <failure message="Test not yet implemented in AOT engine"/>
    </testcase>
    <testcase classname="W3C_AOT" name="Test_510" time="0" type="interpreter_fallback" result="FAIL" description="Test not yet implemented in AOT engine">
      <failure message="Test not yet implemented in AOT engine"/>
    </testcase>
    <testcase classname="W3C_AOT" name="Test_513" time="0" type="interpreter_fallback" result="FAIL" description="Test not yet implemented in AOT engine">
      <failure message="Test not yet implemented in AOT engine"/>
    </testcase>
    <testcase classname="W3C_AOT" name="Test_518" time="0" type="interpreter_fallback" result="FAIL" description="Test not yet implemented in AOT engine">
      <failure message="Test not yet implemented in AOT engine"/>
    </testcase>
    <testcase classname="W3C_AOT" name="Test_519" time="0" type="interpreter_fallback" result="FAIL" description="Test not yet implemented in AOT engine">
      <failure message="Test not yet implemented in AOT engine"/>
    </testcase>
    <testcase classname="W3C_AOT" name="Test_520" time="0" type="interpreter_fallback" result="FAIL" description="Test not yet implemented in AOT engine">
      <failure message="Test not yet implemented in AOT engine"/>
    </testcase>
    <testcase classname="W3C_AOT" name="Test_521" time="0" type="interpreter_fallback" result="FAIL" description="Test not yet implemented in AOT engine">
      <failure message="Test not yet implemented in AOT engine"/>
    </testcase>
    <testcase classname="W3C_AOT" name="Test_522" time="0" type="interpreter_fallback" result="FAIL" description="Test not yet implemented in AOT engine">
      <failure message="Test not yet implemented in AOT engine"/>
    </testcase>
    <testcase classname="W3C_AOT" name="Test_525" time="0" type="interpreter_fallback" result="FAIL" description="Test not yet implemented in AOT engine">
      <failure message="Test not yet implemented in AOT engine"/>
    </testcase>
    <testcase classname="W3C_AOT" name="Test_527" time="0" type="interpreter_fallback" result="FAIL" description="Test not yet implemented in AOT engine">
      <failure message="Test not yet implemented in AOT engine"/>
    </testcase>
    <testcase classname="W3C_AOT" name="Test_528" time="0" type="interpreter_fallback" result="FAIL" description="Test not yet implemented in AOT engine">
      <failure message="Test not yet implemented in AOT engine"/>
    </testcase>
    <testcase classname="W3C_AOT" name="Test_529" time="0" type="interpreter_fallback" result="FAIL" description="Test not yet implemented in AOT engine">
      <failure message="Test not yet implemented in AOT engine"/>
    </testcase>
    <testcase classname="W3C_AOT" name="Test_530" time="0" type="interpreter_fallback" result="FAIL" description="Test not yet implemented in AOT engine">
      <failure message="Test not yet implemented in AOT engine"/>
    </testcase>
    <testcase classname="W3C_AOT" name="Test_531" time="0" type="interpreter_fallback" result="FAIL" description="Test not yet implemented in AOT engine">
      <failure message="Test not yet implemented in AOT engine"/>
    </testcase>
    <testcase classname="W3C_AOT" name="Test_532" time="0" type="interpreter_fallback" result="FAIL" description="Test not yet implemented in AOT engine">
      <failure message="Test not yet implemented in AOT engine"/>
    </testcase>
    <testcase classname="W3C_AOT" name="Test_533" time="0" type="interpreter_fallback" result="FAIL" description="Test not yet implemented in AOT engine">
      <failure message="Test not yet implemented in AOT engine"/>
    </testcase>
    <testcase classname="W3C_AOT" name="Test_534" time="0" type="interpreter_fallback" result="FAIL" description="Test not yet implemented in AOT engine">
      <failure message="Test not yet implemented in AOT engine"/>
    </testcase>
    <testcase classname="W3C_AOT" name="Test_550" time="0" type="interpreter_fallback" result="FAIL" description="Test not yet implemented in AOT engine">
      <failure message="Test not yet implemented in AOT engine"/>
    </testcase>
    <testcase classname="W3C_AOT" name="Test_551" time="0" type="interpreter_fallback" result="FAIL" description="Test not yet implemented in AOT engine">
      <failure message="Test not yet implemented in AOT engine"/>
    </testcase>
    <testcase classname="W3C_AOT" name="Test_552" time="0" type="interpreter_fallback" result="FAIL" description="Test not yet implemented in AOT engine">
      <failure message="Test not yet implemented in AOT engine"/>
    </testcase>
    <testcase classname="W3C_AOT" name="Test_553" time="0" type="interpreter_fallback" result="FAIL" description="Test not yet implemented in AOT engine">
      <failure message="Test not yet implemented in AOT engine"/>
    </testcase>
    <testcase classname="W3C_AOT" name="Test_554" time="0" type="interpreter_fallback" result="FAIL" description="Test not yet implemented in AOT engine">
      <failure message="Test not yet implemented in AOT engine"/>
    </testcase>
    <testcase classname="W3C_AOT" name="Test_557" time="0" type="interpreter_fallback" result="FAIL" description="Test not yet implemented in AOT engine">
      <failure message="Test not yet implemented in AOT engine"/>
    </testcase>
    <testcase classname="W3C_AOT" name="Test_558" time="0" type="interpreter_fallback" result="FAIL" description="Test not yet implemented in AOT engine">
      <failure message="Test not yet implemented in AOT engine"/>
    </testcase>
    <testcase classname="W3C_AOT" name="Test_560" time="0" type="interpreter_fallback" result="FAIL" description="Test not yet implemented in AOT engine">
      <failure message="Test not yet implemented in AOT engine"/>
    </testcase>
    <testcase classname="W3C_AOT" name="Test_561" time="0" type="interpreter_fallback" result="FAIL" description="Test not yet implemented in AOT engine">
      <failure message="Test not yet implemented in AOT engine"/>
    </testcase>
    <testcase classname="W3C_AOT" name="Test_562" time="0" type="interpreter_fallback" result="FAIL" description="Test not yet implemented in AOT engine">
      <failure message="Test not yet implemented in AOT engine"/>
    </testcase>
    <testcase classname="W3C_AOT" name="Test_567" time="0" type="interpreter_fallback" result="FAIL" description="Test not yet implemented in AOT engine">
      <failure message="Test not yet implemented in AOT engine"/>
    </testcase>
    <testcase classname="W3C_AOT" name="Test_569" time="0" type="interpreter_fallback" result="FAIL" description="Test not yet implemented in AOT engine">
      <failure message="Test not yet implemented in AOT engine"/>
    </testcase>
    <testcase classname="W3C_AOT" name="Test_570" time="0" type="interpreter_fallback" result="FAIL" description="Test not yet implemented in AOT engine">
      <failure message="Test not yet implemented in AOT engine"/>
    </testcase>
    <testcase classname="W3C_AOT" name="Test_576" time="0" type="interpreter_fallback" result="FAIL" description="Test not yet implemented in AOT engine">
      <failure message="Test not yet implemented in AOT engine"/>
    </testcase>
    <testcase classname="W3C_AOT" name="Test_577" time="0" type="interpreter_fallback" result="FAIL" description="Test not yet implemented in AOT engine">
      <failure message="Test not yet implemented in AOT engine"/>
    </testcase>
    <testcase classname="W3C_AOT" name="Test_578" time="0" type="interpreter_fallback" result="FAIL" description="Test not yet implemented in AOT engine">
      <failure message="Test not yet implemented in AOT engine"/>
    </testcase>
    <testcase classname="W3C_AOT" name="Test_579" time="0.001" type="static_hybrid" result="FAIL" description="Default history content execution (W3C 3.11 AOT)">
      <failure message="Default history content execution (W3C 3.11 AOT)"/>
    </testcase>
    <testcase classname="W3C_AOT" name="Test_580" time="0" type="interpreter_fallback" result="PASS" description="Tested via Interpreter engine (dynamic invoke)"/>
  </testsuite>
</testsuites>
